INFO     Found 36 IFC file(s) under: C:\Users\LEGION\Documents\GitHub\Lux.Ai\Sample projects\projects
INFO     [1/36] 4351/arc.ifc
INFO       Schema: IFC2X3
INFO     [2/36] ac20/arc.ifc
INFO       Schema: IFC4
INFO     [3/36] city_house_munich/arc.ifc
INFO       Schema: IFC4X3
INFO     [4/36] dental_clinic/arc.ifc
INFO       Schema: IFC2X3
INFO     [5/36] dental_clinic/mep.ifc
INFO       Schema: IFC2X3
INFO     [6/36] dental_clinic/str.ifc
INFO       Schema: IFC2X3
INFO     [7/36] digital_hub/arc.ifc
INFO       Schema: IFC4
INFO     [8/36] digital_hub/heating.ifc
INFO       Schema: IFC4
INFO     [9/36] digital_hub/plumbing.ifc
INFO       Schema: IFC4
INFO     [10/36] digital_hub/ventilation.ifc
INFO       Schema: IFC4
INFO     [11/36] duplex/arc.ifc
INFO       Schema: IFC2X3
INFO     [12/36] duplex/mep.ifc
INFO       Schema: IFC2X3
INFO     [13/36] ettenheim_gis/city.ifc
INFO       Schema: IFC2X3
INFO     [14/36] fantasy_hotel_1/arc.ifc
INFO       Schema: IFC4
INFO     [15/36] fantasy_hotel_2/arc.ifc
INFO       Schema: IFC4
INFO     [16/36] fantasy_office_building_1/arc.ifc
INFO       Schema: IFC4
INFO     [17/36] fantasy_office_building_2/arc.ifc
INFO       Schema: IFC4
INFO     [18/36] fantasy_office_building_3/arc.ifc
INFO       Schema: IFC4
INFO     [19/36] fantasy_residential_building_1/arc.ifc
INFO       Schema: IFC4
INFO     [20/36] fzk_house/arc.ifc
INFO       Schema: IFC4
INFO     [21/36] hitos/arc.ifc
INFO       Schema: IFC2X3
INFO     [22/36] molio/arc.ifc
INFO       Schema: IFC2X3
INFO     [23/36] samuel_macalister_sample_house/arc.ifc
INFO       Schema: IFC4
INFO     [24/36] samuel_macalister_sample_house/mep.ifc
INFO       Schema: IFC4
INFO     [25/36] schependomlaan/arc.ifc
INFO       Schema: IFC2X3
INFO     [26/36] sixty5/arc.ifc
INFO       Schema: IFC2X3
INFO     [27/36] sixty5/electrical.ifc
INFO       Schema: IFC2X3
INFO     [28/36] sixty5/facade.ifc
INFO       Schema: IFC2X3
INFO     [29/36] sixty5/kitchen.ifc
INFO       Schema: IFC2X3
INFO     [30/36] sixty5/plumbing.ifc
INFO       Schema: IFC2X3
INFO     [31/36] sixty5/str.ifc
INFO       Schema: IFC2X3
INFO     [32/36] sixty5/ventilation.ifc
INFO       Schema: IFC2X3
INFO     [33/36] smiley_west/arc.ifc
INFO       Schema: IFC4
INFO     [34/36] wbdg_office/arc.ifc
INFO       Schema: IFC2X3
INFO     [35/36] wbdg_office/mep.ifc
INFO       Schema: IFC2X3
INFO     [36/36] wbdg_office/str.ifc
INFO       Schema: IFC2X3
INFO     CSV written to: C:\Users\LEGION\Documents\GitHub\Lux.Ai\ifc_scan_results.csv
